<?xml version="1.0"?>
<testsuite name="Chrome 91.0.4472.114 (Windows 10)" package="" timestamp="2021-06-21T20:39:08" id="0" hostname="MAURICIO-COLLAZOS" tests="0" errors="0" failures="0" time="0">
  <properties>
    <property name="browser.fullName" value="Mozilla/5.0 (Windows NT 10.0; Win64; x64) AppleWebKit/537.36 (KHTML, like Gecko) Chrome/91.0.4472.114 Safari/537.36"/>
  </properties>
  <system-out>
    <![CDATA[Chrome 91.0.4472.114 (Windows 10) ERROR
  Disconnected Client disconnected from CONNECTED state (transport close)

]]>
  </system-out>
  <system-err/>
</testsuite>